<?xml version="1.0" encoding="UTF-8"?>
<testsuite xmlns:xsi="http://www.w3.org/2001/XMLSchema-instance" xsi:noNamespaceSchemaLocation="https://maven.apache.org/surefire/maven-surefire-plugin/xsd/surefire-test-report-3.0.xsd" version="3.0" name="edu.uob.ExampleDBTests" time="0.125" tests="5" errors="0" skipped="0" failures="0">
  <properties>
[...]
</properties>
  <testcase name="test" classname="edu.uob.ExampleDBTests" time="0.083"/>
  <testcase name="testQueryID" classname="edu.uob.ExampleDBTests" time="0.009"/>
  <testcase name="testBasicCreateAndQuery" classname="edu.uob.ExampleDBTests" time="0.007"/>
  <testcase name="testTablePersistsAfterRestart" classname="edu.uob.ExampleDBTests" time="0.004"/>
  <testcase name="testForErrorTag" classname="edu.uob.ExampleDBTests" time="0.003"/>
</testsuite>